
2016-03-23 21:16:18
[ERROR]-[Thread: qtp1942406066-19]-[com.jfinal.core.ActionHandler.handle()]: /task
com.jfinal.render.RenderException: org.apache.jasper.JasperException: javax.el.PropertyNotFoundException: The class 'com.time_editor.common.model.Task' does not have the property 'list'.
	at com.jfinal.render.JspRender.render(JspRender.java:69)
	at com.jfinal.core.ActionHandler.handle(ActionHandler.java:97)
	at com.jfinal.ext.handler.ContextPathHandler.handle(ContextPathHandler.java:47)
	at com.jfinal.core.JFinalFilter.doFilter(JFinalFilter.java:72)
	at org.eclipse.jetty.servlet.ServletHandler$CachedChain.doFilter(ServletHandler.java:1307)
	at org.eclipse.jetty.servlet.ServletHandler.doHandle(ServletHandler.java:453)
	at org.eclipse.jetty.server.handler.ScopedHandler.handle(ScopedHandler.java:137)
	at org.eclipse.jetty.security.SecurityHandler.handle(SecurityHandler.java:560)
	at org.eclipse.jetty.server.session.SessionHandler.doHandle(SessionHandler.java:231)
	at org.eclipse.jetty.server.handler.ContextHandler.doHandle(ContextHandler.java:1072)
	at org.eclipse.jetty.servlet.ServletHandler.doScope(ServletHandler.java:382)
	at org.eclipse.jetty.server.session.SessionHandler.doScope(SessionHandler.java:193)
	at org.eclipse.jetty.server.handler.ContextHandler.doScope(ContextHandler.java:1006)
	at org.eclipse.jetty.server.handler.ScopedHandler.handle(ScopedHandler.java:135)
	at org.eclipse.jetty.server.handler.HandlerWrapper.handle(HandlerWrapper.java:116)
	at org.eclipse.jetty.server.Server.handle(Server.java:365)
	at org.eclipse.jetty.server.AbstractHttpConnection.handleRequest(AbstractHttpConnection.java:485)
	at org.eclipse.jetty.server.AbstractHttpConnection.headerComplete(AbstractHttpConnection.java:926)
	at org.eclipse.jetty.server.AbstractHttpConnection$RequestHandler.headerComplete(AbstractHttpConnection.java:988)
	at org.eclipse.jetty.http.HttpParser.parseNext(HttpParser.java:635)
	at org.eclipse.jetty.http.HttpParser.parseAvailable(HttpParser.java:235)
	at org.eclipse.jetty.server.AsyncHttpConnection.handle(AsyncHttpConnection.java:82)
	at org.eclipse.jetty.io.nio.SelectChannelEndPoint.handle(SelectChannelEndPoint.java:628)
	at org.eclipse.jetty.io.nio.SelectChannelEndPoint$1.run(SelectChannelEndPoint.java:52)
	at org.eclipse.jetty.util.thread.QueuedThreadPool.runJob(QueuedThreadPool.java:608)
	at org.eclipse.jetty.util.thread.QueuedThreadPool$3.run(QueuedThreadPool.java:543)
	at java.lang.Thread.run(Thread.java:745)
Caused by: org.apache.jasper.JasperException: javax.el.PropertyNotFoundException: The class 'com.time_editor.common.model.Task' does not have the property 'list'.
	at org.apache.jasper.servlet.JspServletWrapper.service(JspServletWrapper.java:432)
	at org.apache.jasper.servlet.JspServlet.serviceJspFile(JspServlet.java:492)
	at org.apache.jasper.servlet.JspServlet.service(JspServlet.java:378)
	at javax.servlet.http.HttpServlet.service(HttpServlet.java:848)
	at org.eclipse.jetty.servlet.ServletHolder.handle(ServletHolder.java:669)
	at org.eclipse.jetty.servlet.ServletHandler.doHandle(ServletHandler.java:455)
	at org.eclipse.jetty.server.handler.ScopedHandler.handle(ScopedHandler.java:137)
	at org.eclipse.jetty.security.SecurityHandler.handle(SecurityHandler.java:578)
	at org.eclipse.jetty.server.session.SessionHandler.doHandle(SessionHandler.java:231)
	at org.eclipse.jetty.server.handler.ContextHandler.doHandle(ContextHandler.java:1072)
	at org.eclipse.jetty.servlet.ServletHandler.doScope(ServletHandler.java:382)
	at org.eclipse.jetty.server.session.SessionHandler.doScope(SessionHandler.java:193)
	at org.eclipse.jetty.server.handler.ContextHandler.doScope(ContextHandler.java:1006)
	at org.eclipse.jetty.server.handler.ScopedHandler.handle(ScopedHandler.java:135)
	at org.eclipse.jetty.server.Dispatcher.forward(Dispatcher.java:276)
	at org.eclipse.jetty.server.Dispatcher.forward(Dispatcher.java:103)
	at com.jfinal.render.JspRender.render(JspRender.java:67)
	... 26 more
Caused by: javax.el.PropertyNotFoundException: The class 'com.time_editor.common.model.Task' does not have the property 'list'.
	at javax.el.BeanELResolver.getBeanProperty(BeanELResolver.java:664)
	at javax.el.BeanELResolver.getValue(BeanELResolver.java:293)
	at javax.el.CompositeELResolver.getValue(CompositeELResolver.java:188)
	at com.sun.el.parser.AstValue.getValue(AstValue.java:120)
	at com.sun.el.parser.AstValue.getValue(AstValue.java:167)
	at com.sun.el.ValueExpressionImpl.getValue(ValueExpressionImpl.java:224)
	at org.apache.jasper.runtime.PageContextImpl.evaluateExpression(PageContextImpl.java:1009)
	at org.apache.jsp.task.index_jsp._jspx_meth_c_forEach_0(index_jsp.java:387)
	at org.apache.jsp.task.index_jsp._jspService(index_jsp.java:83)
	at org.apache.jasper.runtime.HttpJspBase.service(HttpJspBase.java:111)
	at javax.servlet.http.HttpServlet.service(HttpServlet.java:848)
	at org.apache.jasper.servlet.JspServletWrapper.service(JspServletWrapper.java:403)
	... 42 more

2016-03-23 21:20:43
[ERROR]-[Thread: qtp1942406066-19]-[com.jfinal.core.ActionHandler.handle()]: /task
com.jfinal.render.RenderException: org.apache.jasper.JasperException: javax.el.PropertyNotFoundException: The class 'com.time_editor.common.model.Task' does not have the property 'list'.
	at com.jfinal.render.JspRender.render(JspRender.java:69)
	at com.jfinal.core.ActionHandler.handle(ActionHandler.java:97)
	at com.jfinal.ext.handler.ContextPathHandler.handle(ContextPathHandler.java:47)
	at com.jfinal.core.JFinalFilter.doFilter(JFinalFilter.java:72)
	at org.eclipse.jetty.servlet.ServletHandler$CachedChain.doFilter(ServletHandler.java:1307)
	at org.eclipse.jetty.servlet.ServletHandler.doHandle(ServletHandler.java:453)
	at org.eclipse.jetty.server.handler.ScopedHandler.handle(ScopedHandler.java:137)
	at org.eclipse.jetty.security.SecurityHandler.handle(SecurityHandler.java:560)
	at org.eclipse.jetty.server.session.SessionHandler.doHandle(SessionHandler.java:231)
	at org.eclipse.jetty.server.handler.ContextHandler.doHandle(ContextHandler.java:1072)
	at org.eclipse.jetty.servlet.ServletHandler.doScope(ServletHandler.java:382)
	at org.eclipse.jetty.server.session.SessionHandler.doScope(SessionHandler.java:193)
	at org.eclipse.jetty.server.handler.ContextHandler.doScope(ContextHandler.java:1006)
	at org.eclipse.jetty.server.handler.ScopedHandler.handle(ScopedHandler.java:135)
	at org.eclipse.jetty.server.handler.HandlerWrapper.handle(HandlerWrapper.java:116)
	at org.eclipse.jetty.server.Server.handle(Server.java:365)
	at org.eclipse.jetty.server.AbstractHttpConnection.handleRequest(AbstractHttpConnection.java:485)
	at org.eclipse.jetty.server.AbstractHttpConnection.headerComplete(AbstractHttpConnection.java:926)
	at org.eclipse.jetty.server.AbstractHttpConnection$RequestHandler.headerComplete(AbstractHttpConnection.java:988)
	at org.eclipse.jetty.http.HttpParser.parseNext(HttpParser.java:635)
	at org.eclipse.jetty.http.HttpParser.parseAvailable(HttpParser.java:235)
	at org.eclipse.jetty.server.AsyncHttpConnection.handle(AsyncHttpConnection.java:82)
	at org.eclipse.jetty.io.nio.SelectChannelEndPoint.handle(SelectChannelEndPoint.java:628)
	at org.eclipse.jetty.io.nio.SelectChannelEndPoint$1.run(SelectChannelEndPoint.java:52)
	at org.eclipse.jetty.util.thread.QueuedThreadPool.runJob(QueuedThreadPool.java:608)
	at org.eclipse.jetty.util.thread.QueuedThreadPool$3.run(QueuedThreadPool.java:543)
	at java.lang.Thread.run(Thread.java:745)
Caused by: org.apache.jasper.JasperException: javax.el.PropertyNotFoundException: The class 'com.time_editor.common.model.Task' does not have the property 'list'.
	at org.apache.jasper.servlet.JspServletWrapper.service(JspServletWrapper.java:432)
	at org.apache.jasper.servlet.JspServlet.serviceJspFile(JspServlet.java:492)
	at org.apache.jasper.servlet.JspServlet.service(JspServlet.java:378)
	at javax.servlet.http.HttpServlet.service(HttpServlet.java:848)
	at org.eclipse.jetty.servlet.ServletHolder.handle(ServletHolder.java:669)
	at org.eclipse.jetty.servlet.ServletHandler.doHandle(ServletHandler.java:455)
	at org.eclipse.jetty.server.handler.ScopedHandler.handle(ScopedHandler.java:137)
	at org.eclipse.jetty.security.SecurityHandler.handle(SecurityHandler.java:578)
	at org.eclipse.jetty.server.session.SessionHandler.doHandle(SessionHandler.java:231)
	at org.eclipse.jetty.server.handler.ContextHandler.doHandle(ContextHandler.java:1072)
	at org.eclipse.jetty.servlet.ServletHandler.doScope(ServletHandler.java:382)
	at org.eclipse.jetty.server.session.SessionHandler.doScope(SessionHandler.java:193)
	at org.eclipse.jetty.server.handler.ContextHandler.doScope(ContextHandler.java:1006)
	at org.eclipse.jetty.server.handler.ScopedHandler.handle(ScopedHandler.java:135)
	at org.eclipse.jetty.server.Dispatcher.forward(Dispatcher.java:276)
	at org.eclipse.jetty.server.Dispatcher.forward(Dispatcher.java:103)
	at com.jfinal.render.JspRender.render(JspRender.java:67)
	... 26 more
Caused by: javax.el.PropertyNotFoundException: The class 'com.time_editor.common.model.Task' does not have the property 'list'.
	at javax.el.BeanELResolver.getBeanProperty(BeanELResolver.java:664)
	at javax.el.BeanELResolver.getValue(BeanELResolver.java:293)
	at javax.el.CompositeELResolver.getValue(CompositeELResolver.java:188)
	at com.sun.el.parser.AstValue.getValue(AstValue.java:120)
	at com.sun.el.parser.AstValue.getValue(AstValue.java:167)
	at com.sun.el.ValueExpressionImpl.getValue(ValueExpressionImpl.java:224)
	at org.apache.jasper.runtime.PageContextImpl.evaluateExpression(PageContextImpl.java:1009)
	at org.apache.jsp.task.index_jsp._jspx_meth_c_forEach_0(index_jsp.java:387)
	at org.apache.jsp.task.index_jsp._jspService(index_jsp.java:83)
	at org.apache.jasper.runtime.HttpJspBase.service(HttpJspBase.java:111)
	at javax.servlet.http.HttpServlet.service(HttpServlet.java:848)
	at org.apache.jasper.servlet.JspServletWrapper.service(JspServletWrapper.java:403)
	... 42 more

2016-03-23 21:22:09
[ERROR]-[Thread: qtp1942406066-23]-[com.jfinal.core.ActionHandler.handle()]: /task
com.jfinal.render.RenderException: org.apache.jasper.JasperException: java.io.FileNotFoundException: C:\Users\devil\AppData\Local\Temp\jetty-0.0.0.0-8080-WebRoot-_-any-\jsp\org\apache\jsp\task\index_jsp.java (系统找不到指定的路径。)
	at com.jfinal.render.JspRender.render(JspRender.java:69)
	at com.jfinal.core.ActionHandler.handle(ActionHandler.java:97)
	at com.jfinal.ext.handler.ContextPathHandler.handle(ContextPathHandler.java:47)
	at com.jfinal.core.JFinalFilter.doFilter(JFinalFilter.java:72)
	at org.eclipse.jetty.servlet.ServletHandler$CachedChain.doFilter(ServletHandler.java:1307)
	at org.eclipse.jetty.servlet.ServletHandler.doHandle(ServletHandler.java:453)
	at org.eclipse.jetty.server.handler.ScopedHandler.handle(ScopedHandler.java:137)
	at org.eclipse.jetty.security.SecurityHandler.handle(SecurityHandler.java:560)
	at org.eclipse.jetty.server.session.SessionHandler.doHandle(SessionHandler.java:231)
	at org.eclipse.jetty.server.handler.ContextHandler.doHandle(ContextHandler.java:1072)
	at org.eclipse.jetty.servlet.ServletHandler.doScope(ServletHandler.java:382)
	at org.eclipse.jetty.server.session.SessionHandler.doScope(SessionHandler.java:193)
	at org.eclipse.jetty.server.handler.ContextHandler.doScope(ContextHandler.java:1006)
	at org.eclipse.jetty.server.handler.ScopedHandler.handle(ScopedHandler.java:135)
	at org.eclipse.jetty.server.handler.HandlerWrapper.handle(HandlerWrapper.java:116)
	at org.eclipse.jetty.server.Server.handle(Server.java:365)
	at org.eclipse.jetty.server.AbstractHttpConnection.handleRequest(AbstractHttpConnection.java:485)
	at org.eclipse.jetty.server.AbstractHttpConnection.headerComplete(AbstractHttpConnection.java:926)
	at org.eclipse.jetty.server.AbstractHttpConnection$RequestHandler.headerComplete(AbstractHttpConnection.java:988)
	at org.eclipse.jetty.http.HttpParser.parseNext(HttpParser.java:635)
	at org.eclipse.jetty.http.HttpParser.parseAvailable(HttpParser.java:235)
	at org.eclipse.jetty.server.AsyncHttpConnection.handle(AsyncHttpConnection.java:82)
	at org.eclipse.jetty.io.nio.SelectChannelEndPoint.handle(SelectChannelEndPoint.java:628)
	at org.eclipse.jetty.io.nio.SelectChannelEndPoint$1.run(SelectChannelEndPoint.java:52)
	at org.eclipse.jetty.util.thread.QueuedThreadPool.runJob(QueuedThreadPool.java:608)
	at org.eclipse.jetty.util.thread.QueuedThreadPool$3.run(QueuedThreadPool.java:543)
	at java.lang.Thread.run(Thread.java:745)
Caused by: org.apache.jasper.JasperException: java.io.FileNotFoundException: C:\Users\devil\AppData\Local\Temp\jetty-0.0.0.0-8080-WebRoot-_-any-\jsp\org\apache\jsp\task\index_jsp.java (系统找不到指定的路径。)
	at org.apache.jasper.compiler.Jsr199JavaCompiler.doJavaFile(Jsr199JavaCompiler.java:176)
	at org.apache.jasper.compiler.Compiler.generateClass(Compiler.java:402)
	at org.apache.jasper.compiler.Compiler.compile(Compiler.java:453)
	at org.apache.jasper.JspCompilationContext.compile(JspCompilationContext.java:625)
	at org.apache.jasper.servlet.JspServletWrapper.service(JspServletWrapper.java:374)
	at org.apache.jasper.servlet.JspServlet.serviceJspFile(JspServlet.java:492)
	at org.apache.jasper.servlet.JspServlet.service(JspServlet.java:378)
	at javax.servlet.http.HttpServlet.service(HttpServlet.java:848)
	at org.eclipse.jetty.servlet.ServletHolder.handle(ServletHolder.java:669)
	at org.eclipse.jetty.servlet.ServletHandler.doHandle(ServletHandler.java:455)
	at org.eclipse.jetty.server.handler.ScopedHandler.handle(ScopedHandler.java:137)
	at org.eclipse.jetty.security.SecurityHandler.handle(SecurityHandler.java:578)
	at org.eclipse.jetty.server.session.SessionHandler.doHandle(SessionHandler.java:231)
	at org.eclipse.jetty.server.handler.ContextHandler.doHandle(ContextHandler.java:1072)
	at org.eclipse.jetty.servlet.ServletHandler.doScope(ServletHandler.java:382)
	at org.eclipse.jetty.server.session.SessionHandler.doScope(SessionHandler.java:193)
	at org.eclipse.jetty.server.handler.ContextHandler.doScope(ContextHandler.java:1006)
	at org.eclipse.jetty.server.handler.ScopedHandler.handle(ScopedHandler.java:135)
	at org.eclipse.jetty.server.Dispatcher.forward(Dispatcher.java:276)
	at org.eclipse.jetty.server.Dispatcher.forward(Dispatcher.java:103)
	at com.jfinal.render.JspRender.render(JspRender.java:67)
	... 26 more
Caused by: java.io.FileNotFoundException: C:\Users\devil\AppData\Local\Temp\jetty-0.0.0.0-8080-WebRoot-_-any-\jsp\org\apache\jsp\task\index_jsp.java (系统找不到指定的路径。)
	at java.io.FileOutputStream.open0(Native Method)
	at java.io.FileOutputStream.open(FileOutputStream.java:270)
	at java.io.FileOutputStream.<init>(FileOutputStream.java:213)
	at java.io.FileOutputStream.<init>(FileOutputStream.java:101)
	at org.apache.jasper.compiler.Jsr199JavaCompiler.doJavaFile(Jsr199JavaCompiler.java:166)
	... 46 more

2016-03-23 21:28:08
[ERROR]-[Thread: qtp1942406066-17]-[com.jfinal.core.ActionHandler.handle()]: /task
java.lang.RuntimeException: java.lang.reflect.InvocationTargetException
	at com.jfinal.aop.Invocation.invoke(Invocation.java:87)
	at com.jfinal.core.ActionHandler.handle(ActionHandler.java:74)
	at com.jfinal.ext.handler.ContextPathHandler.handle(ContextPathHandler.java:47)
	at com.jfinal.core.JFinalFilter.doFilter(JFinalFilter.java:72)
	at org.eclipse.jetty.servlet.ServletHandler$CachedChain.doFilter(ServletHandler.java:1307)
	at org.eclipse.jetty.servlet.ServletHandler.doHandle(ServletHandler.java:453)
	at org.eclipse.jetty.server.handler.ScopedHandler.handle(ScopedHandler.java:137)
	at org.eclipse.jetty.security.SecurityHandler.handle(SecurityHandler.java:560)
	at org.eclipse.jetty.server.session.SessionHandler.doHandle(SessionHandler.java:231)
	at org.eclipse.jetty.server.handler.ContextHandler.doHandle(ContextHandler.java:1072)
	at org.eclipse.jetty.servlet.ServletHandler.doScope(ServletHandler.java:382)
	at org.eclipse.jetty.server.session.SessionHandler.doScope(SessionHandler.java:193)
	at org.eclipse.jetty.server.handler.ContextHandler.doScope(ContextHandler.java:1006)
	at org.eclipse.jetty.server.handler.ScopedHandler.handle(ScopedHandler.java:135)
	at org.eclipse.jetty.server.handler.HandlerWrapper.handle(HandlerWrapper.java:116)
	at org.eclipse.jetty.server.Server.handle(Server.java:365)
	at org.eclipse.jetty.server.AbstractHttpConnection.handleRequest(AbstractHttpConnection.java:485)
	at org.eclipse.jetty.server.AbstractHttpConnection.headerComplete(AbstractHttpConnection.java:926)
	at org.eclipse.jetty.server.AbstractHttpConnection$RequestHandler.headerComplete(AbstractHttpConnection.java:988)
	at org.eclipse.jetty.http.HttpParser.parseNext(HttpParser.java:635)
	at org.eclipse.jetty.http.HttpParser.parseAvailable(HttpParser.java:235)
	at org.eclipse.jetty.server.AsyncHttpConnection.handle(AsyncHttpConnection.java:82)
	at org.eclipse.jetty.io.nio.SelectChannelEndPoint.handle(SelectChannelEndPoint.java:628)
	at org.eclipse.jetty.io.nio.SelectChannelEndPoint$1.run(SelectChannelEndPoint.java:52)
	at org.eclipse.jetty.util.thread.QueuedThreadPool.runJob(QueuedThreadPool.java:608)
	at org.eclipse.jetty.util.thread.QueuedThreadPool$3.run(QueuedThreadPool.java:543)
	at java.lang.Thread.run(Thread.java:745)
Caused by: java.lang.reflect.InvocationTargetException
	at sun.reflect.NativeMethodAccessorImpl.invoke0(Native Method)
	at sun.reflect.NativeMethodAccessorImpl.invoke(NativeMethodAccessorImpl.java:62)
	at sun.reflect.DelegatingMethodAccessorImpl.invoke(DelegatingMethodAccessorImpl.java:43)
	at java.lang.reflect.Method.invoke(Method.java:497)
	at com.jfinal.aop.Invocation.invoke(Invocation.java:73)
	... 26 more
Caused by: java.lang.Error: Unresolved compilation problem: 
	Syntax error on token ")", delete this token

	at com.time_editor.task.TaskController.index(TaskController.java:9)
	... 31 more

2016-03-24 10:06:50
[ERROR]-[Thread: main]-[com.jfinal.kit.LogKit.error()]: port: 8080 already in use!
java.lang.IllegalStateException: port: 8080 already in use!
	at com.jfinal.server.JettyServer.doStart(JettyServer.java:79)
	at com.jfinal.server.JettyServer.start(JettyServer.java:65)
	at com.jfinal.core.JFinal.start(JFinal.java:154)
	at com.time_editor.common.config.TEConfig.main(TEConfig.java:90)
